::1 - - [19/Jan/2025:18:29:05 +0000] "POST /users HTTP/1.1" 201 57 "-" "PostmanRuntime/7.39.1"
::1 - - [19/Jan/2025:18:32:49 +0000] "POST /users HTTP/1.1" 201 55 "-" "PostmanRuntime/7.39.1"
::1 - - [19/Jan/2025:18:33:09 +0000] "POST /login HTTP/1.1" 200 169 "http://localhost:5173/" "Mozilla/5.0 (Windows NT 10.0; Win64; x64) AppleWebKit/537.36 (KHTML, like Gecko) Chrome/131.0.0.0 Safari/537.36"
::1 - - [19/Jan/2025:18:36:32 +0000] "POST /login HTTP/1.1" 200 169 "http://localhost:5173/" "Mozilla/5.0 (Windows NT 10.0; Win64; x64) AppleWebKit/537.36 (KHTML, like Gecko) Chrome/131.0.0.0 Safari/537.36"
::1 - - [19/Jan/2025:18:37:27 +0000] "POST /users HTTP/1.1" 400 46 "-" "PostmanRuntime/7.39.1"
::1 - - [19/Jan/2025:18:37:37 +0000] "POST /events HTTP/1.1" 401 58 "-" "PostmanRuntime/7.39.1"
::1 - - [19/Jan/2025:18:38:03 +0000] "POST /events HTTP/1.1" 201 39 "-" "PostmanRuntime/7.39.1"
::1 - - [19/Jan/2025:18:39:15 +0000] "GET /events/1 HTTP/1.1" 404 9 "-" "PostmanRuntime/7.39.1"
::1 - - [19/Jan/2025:18:39:30 +0000] "GET /event/1 HTTP/1.1" 404 35 "-" "PostmanRuntime/7.39.1"
::1 - - [19/Jan/2025:18:39:37 +0000] "GET /events/1 HTTP/1.1" 404 9 "-" "PostmanRuntime/7.39.1"
::1 - - [19/Jan/2025:18:39:40 +0000] "GET /events/2 HTTP/1.1" 404 9 "-" "PostmanRuntime/7.39.1"
::1 - - [19/Jan/2025:18:39:42 +0000] "GET /events/3 HTTP/1.1" 404 9 "-" "PostmanRuntime/7.39.1"
::1 - - [19/Jan/2025:18:40:44 +0000] "GET /event/3 HTTP/1.1" 404 35 "-" "PostmanRuntime/7.39.1"
::1 - - [19/Jan/2025:18:41:59 +0000] "GET /events?q=Council HTTP/1.1" 200 746 "-" "PostmanRuntime/7.39.1"
::1 - - [19/Jan/2025:18:42:13 +0000] "GET /events HTTP/1.1" 200 1486 "-" "PostmanRuntime/7.39.1"
::1 - - [19/Jan/2025:18:50:38 +0000] "POST /users HTTP/1.1" 201 55 "-" "PostmanRuntime/7.39.1"
::1 - - [19/Jan/2025:18:51:20 +0000] "POST /login HTTP/1.1" 200 169 "http://localhost:5173/" "Mozilla/5.0 (Windows NT 10.0; Win64; x64) AppleWebKit/537.36 (KHTML, like Gecko) Chrome/131.0.0.0 Safari/537.36"
::1 - - [19/Jan/2025:18:53:13 +0000] "POST /events HTTP/1.1" 201 39 "-" "PostmanRuntime/7.39.1"
::1 - - [19/Jan/2025:19:00:36 +0000] "POST /users HTTP/1.1" 201 55 "-" "PostmanRuntime/7.39.1"
::1 - - [19/Jan/2025:19:01:03 +0000] "POST /login HTTP/1.1" 200 169 "http://localhost:5173/" "Mozilla/5.0 (Windows NT 10.0; Win64; x64) AppleWebKit/537.36 (KHTML, like Gecko) Chrome/131.0.0.0 Safari/537.36"
::1 - - [19/Jan/2025:19:02:11 +0000] "POST /events HTTP/1.1" 201 39 "-" "PostmanRuntime/7.39.1"
::1 - - [19/Jan/2025:19:04:04 +0000] "GET /events?q=Council HTTP/1.1" 200 746 "-" "PostmanRuntime/7.39.1"
::1 - - [19/Jan/2025:19:11:22 +0000] "POST /users HTTP/1.1" 201 55 "-" "PostmanRuntime/7.39.1"
::1 - - [19/Jan/2025:19:14:28 +0000] "POST /login HTTP/1.1" 200 169 "http://localhost:5173/" "Mozilla/5.0 (Windows NT 10.0; Win64; x64) AppleWebKit/537.36 (KHTML, like Gecko) Chrome/131.0.0.0 Safari/537.36"
::1 - - [19/Jan/2025:19:15:51 +0000] "POST /events HTTP/1.1" 201 39 "-" "PostmanRuntime/7.39.1"
::1 - - [19/Jan/2025:19:16:29 +0000] "GET /events?q=Council HTTP/1.1" 200 746 "-" "PostmanRuntime/7.39.1"
::1 - - [19/Jan/2025:19:17:06 +0000] "POST /events/3/question HTTP/1.1" 403 71 "-" "PostmanRuntime/7.39.1"
